<?xml version="1.0" encoding="UTF-8"?>
<!-- Generated by org.testng.reporters.JUnitReportReporter -->
<testsuite hostname="DESKTOP-LKRPAC6" failures="0" tests="1" name="my_project.Sample" time="0.012" errors="0" timestamp="2024-07-26T12:08:46 IST" skipped="0">
  <testcase classname="my_project.Sample" name="sample" time="0.012"/>
  <system-out>
    <![CDATA[starting my project]]>
  </system-out>
</testsuite> <!-- my_project.Sample -->
