<?xml version="1.0" encoding="UTF-8"?>
<!-- Generated by org.testng.reporters.JUnitReportReporter -->
<testsuite hostname="DESKTOP-LKRPAC6" failures="0" tests="1" name="extent_reports.ToAddScreenshotToReport" time="12.450" errors="0" timestamp="2024-08-09T12:17:36 IST" skipped="0">
  <testcase classname="extent_reports.ToAddScreenshotToReport" name="addScreenshot" time="12.450"/>
  <system-out/>
</testsuite> <!-- extent_reports.ToAddScreenshotToReport -->
