<?xml version="1.0" encoding="UTF-8"?>
<!-- Generated by org.testng.reporters.JUnitReportReporter -->
<testsuite hostname="DESKTOP-LKRPAC6" failures="0" tests="1" name="extent_reports.ToLearnExtentReports" time="0.654" errors="0" timestamp="2024-08-09T11:54:52 IST" skipped="0">
  <testcase classname="extent_reports.ToLearnExtentReports" name="createReport" time="0.654"/>
  <system-out/>
</testsuite> <!-- extent_reports.ToLearnExtentReports -->
