<?xml version="1.0" encoding="UTF-8"?>
<!-- Generated by org.testng.reporters.JUnitReportReporter -->
<testsuite hostname="DESKTOP-LKRPAC6" failures="0" tests="1" name="smoke.Register" time="10.357" errors="0" timestamp="2024-07-31T17:37:57 IST" skipped="0">
  <testcase classname="smoke.Register" name="register" time="10.357"/>
  <system-out/>
</testsuite> <!-- smoke.Register -->
