<?xml version="1.0" encoding="UTF-8"?>
<!-- Generated by org.testng.reporters.JUnitReportReporter -->
<testsuite hostname="DESKTOP-LKRPAC6" failures="0" tests="1" name="my_project.SampleTest" time="0.011" errors="0" timestamp="2024-07-27T11:07:50 IST" skipped="0">
  <testcase classname="my_project.SampleTest" name="sample" time="0.011"/>
  <system-out>
    <![CDATA[Hi HI]]>
  </system-out>
</testsuite> <!-- my_project.SampleTest -->
