<?xml version="1.0" encoding="UTF-8"?>
<!-- Generated by org.testng.reporters.JUnitReportReporter -->
<testsuite hostname="DESKTOP-LKRPAC6" failures="0" tests="1" name="smoke.Login" time="8.746" errors="0" timestamp="2024-07-31T17:40:32 IST" skipped="0">
  <testcase classname="smoke.Login" name="login" time="8.746"/>
  <system-out/>
</testsuite> <!-- smoke.Login -->
